<?xml version="1.0" encoding="UTF-8"?>
<!-- Generated by org.testng.reporters.JUnitXMLReporter -->
<testsuite ignored="0" hostname="Sarath" failures="0" tests="5" name="Default test" time="6.668" errors="0" timestamp="14 Jun 2022 13:07:05 GMT">
  <testcase classname="com.test.OMRBranchClub" name="login" time="2.767"/>
  <testcase classname="com.test.OMRBranchClub" name="addUserAddress" time="1.885"/>
  <testcase classname="com.test.OMRBranchClub" name="updateUserAddress" time="0.68"/>
  <testcase classname="com.test.OMRBranchClub" name="getAllAddresses" time="0.658"/>
  <testcase classname="com.test.OMRBranchClub" name="deleteAddress" time="0.647"/>
</testsuite> <!-- Default test -->
