<?xml version="1.0" encoding="UTF-8"?>
<testng-results ignored="0" total="1" passed="1" failed="0" skipped="0">
  <reporter-output>
  </reporter-output>
  <suite started-at="2022-06-09T07:59:17Z" name="Default suite" finished-at="2022-06-09T07:59:20Z" duration-ms="2865">
    <groups>
    </groups>
    <test started-at="2022-06-09T07:59:17Z" name="Default test" finished-at="2022-06-09T07:59:20Z" duration-ms="2865">
      <class name="com.test.OMRBranchClub">
        <test-method signature="login()[pri:0, instance:com.test.OMRBranchClub@31add175]" started-at="2022-06-09T07:59:17Z" name="login" finished-at="2022-06-09T07:59:20Z" duration-ms="2839" status="PASS">
          <reporter-output>
          </reporter-output>
        </test-method> <!-- login -->
      </class> <!-- com.test.OMRBranchClub -->
    </test> <!-- Default test -->
  </suite> <!-- Default suite -->
</testng-results>
