<?xml version="1.0" encoding="UTF-8"?>
<testng-results ignored="0" total="5" passed="5" failed="0" skipped="0">
  <reporter-output>
  </reporter-output>
  <suite started-at="2022-06-14T13:06:59Z" name="Default suite" finished-at="2022-06-14T13:07:05Z" duration-ms="6668">
    <groups>
    </groups>
    <test started-at="2022-06-14T13:06:59Z" name="Default test" finished-at="2022-06-14T13:07:05Z" duration-ms="6668">
      <class name="com.test.OMRBranchClub">
        <test-method signature="login()[pri:1, instance:com.test.OMRBranchClub@36b4091c]" started-at="2022-06-14T13:06:59Z" name="login" finished-at="2022-06-14T13:07:01Z" duration-ms="2767" status="PASS">
          <reporter-output>
          </reporter-output>
        </test-method> <!-- login -->
        <test-method signature="addUserAddress()[pri:2, instance:com.test.OMRBranchClub@36b4091c]" started-at="2022-06-14T13:07:01Z" name="addUserAddress" finished-at="2022-06-14T13:07:03Z" duration-ms="1885" status="PASS">
          <reporter-output>
          </reporter-output>
        </test-method> <!-- addUserAddress -->
        <test-method signature="updateUserAddress()[pri:3, instance:com.test.OMRBranchClub@36b4091c]" started-at="2022-06-14T13:07:03Z" name="updateUserAddress" finished-at="2022-06-14T13:07:04Z" duration-ms="680" status="PASS">
          <reporter-output>
          </reporter-output>
        </test-method> <!-- updateUserAddress -->
        <test-method signature="getAllAddresses()[pri:4, instance:com.test.OMRBranchClub@36b4091c]" started-at="2022-06-14T13:07:04Z" name="getAllAddresses" finished-at="2022-06-14T13:07:05Z" duration-ms="658" status="PASS">
          <reporter-output>
          </reporter-output>
        </test-method> <!-- getAllAddresses -->
        <test-method signature="deleteAddress()[pri:5, instance:com.test.OMRBranchClub@36b4091c]" started-at="2022-06-14T13:07:05Z" name="deleteAddress" finished-at="2022-06-14T13:07:05Z" duration-ms="647" status="PASS">
          <reporter-output>
          </reporter-output>
        </test-method> <!-- deleteAddress -->
      </class> <!-- com.test.OMRBranchClub -->
    </test> <!-- Default test -->
  </suite> <!-- Default suite -->
</testng-results>
